[INFO] Scanning for projects...
[INFO]                                                                         
[INFO] ------------------------------------------------------------------------
[INFO] Building Drooble 1.0-SNAPSHOT
[INFO] ------------------------------------------------------------------------
Downloading: https://repo.maven.apache.org/maven2/junit/junit/maven-metadata.xml
1/2 KB   2/2 KB            Downloaded: https://repo.maven.apache.org/maven2/junit/junit/maven-metadata.xml (2 KB at 1.3 KB/sec)
[INFO] 
[INFO] --- maven-resources-plugin:2.6:resources (default-resources) @ Drooble ---
[WARNING] Using platform encoding (Cp1252 actually) to copy filtered resources, i.e. build is platform dependent!
[INFO] Copying 0 resource
[INFO] 
[INFO] --- maven-compiler-plugin:3.3:compile (default-compile) @ Drooble ---
[INFO] Nothing to compile - all classes are up to date
[INFO] 
[INFO] --- maven-resources-plugin:2.6:testResources (default-testResources) @ Drooble ---
[WARNING] Using platform encoding (Cp1252 actually) to copy filtered resources, i.e. build is platform dependent!
[INFO] skip non existing resourceDirectory C:\test\selenium-train\Drooble\src\test\resources
[INFO] 
[INFO] --- maven-compiler-plugin:3.3:testCompile (default-testCompile) @ Drooble ---
[INFO] Nothing to compile - all classes are up to date
[INFO] 
[INFO] --- maven-surefire-plugin:2.12.4:test (default-test) @ Drooble ---
[INFO] Surefire report directory: C:\test\selenium-train\Drooble\target\surefire-reports

-------------------------------------------------------
 T E S T S
-------------------------------------------------------
Running FooterLinksTest
Tests run: 20, Failures: 0, Errors: 0, Skipped: 0, Time elapsed: 336.545 sec
Running LoginTest
Tests run: 1, Failures: 0, Errors: 0, Skipped: 0, Time elapsed: 16.93 sec

Results :

Tests run: 21, Failures: 0, Errors: 0, Skipped: 0

[INFO] 
[INFO] --- maven-jar-plugin:2.4:jar (default-jar) @ Drooble ---
[INFO] Building jar: C:\test\selenium-train\Drooble\target\Drooble.jar
[INFO] 
[INFO] --- maven-failsafe-plugin:2.18.1:integration-test (default) @ Drooble ---
[WARNING] File encoding has not been set, using platform encoding Cp1252, i.e. build is platform dependent! The file encoding for reports output files should be provided by the POM property ${project.reporting.outputEncoding}.
[INFO] 
[INFO] --- maven-failsafe-plugin:2.18.1:verify (default) @ Drooble ---
[INFO] Failsafe report directory: C:\test\selenium-train\Drooble\target\failsafe-reports
[WARNING] File encoding has not been set, using platform encoding Cp1252, i.e. build is platform dependent! The file encoding for reports output files should be provided by the POM property ${project.reporting.outputEncoding}.
[INFO] ------------------------------------------------------------------------
[INFO] BUILD SUCCESS
[INFO] ------------------------------------------------------------------------
[INFO] Total time: 05:58 min
[INFO] Finished at: 2018-03-24T01:48:38-07:00
[INFO] Final Memory: 10M/27M
[INFO] ------------------------------------------------------------------------
